0 verbose cli /home/pi/.nvm/versions/node/v18.17.1/bin/node /home/pi/.nvm/versions/node/v18.17.1/bin/npm
1 info using npm@9.6.7
2 info using node@v18.17.1
3 timing npm:load:whichnode Completed in 13ms
4 timing config:load:defaults Completed in 23ms
5 timing config:load:file:/home/pi/.nvm/versions/node/v18.17.1/lib/node_modules/npm/npmrc Completed in 52ms
6 timing config:load:builtin Completed in 57ms
7 timing config:load:cli Completed in 64ms
8 timing config:load:env Completed in 5ms
9 timing config:load:file:/home/pi/project01/.npmrc Completed in 1ms
10 timing config:load:project Completed in 11ms
11 timing config:load:file:/home/pi/.npmrc Completed in 1ms
12 timing config:load:user Completed in 5ms
13 timing config:load:file:/home/pi/.nvm/versions/node/v18.17.1/etc/npmrc Completed in 2ms
14 timing config:load:global Completed in 2ms
15 timing config:load:setEnvs Completed in 11ms
16 timing config:load Completed in 183ms
17 timing npm:load:configload Completed in 185ms
18 timing npm:load:mkdirpcache Completed in 2ms
19 timing npm:load:mkdirplogs Completed in 1ms
20 verbose title npm install raspi-io
21 verbose argv "install" "raspi-io"
22 timing npm:load:setTitle Completed in 12ms
23 timing config:load:flatten Completed in 38ms
24 timing npm:load:display Completed in 48ms
25 verbose logfile logs-max:10 dir:/home/pi/.npm/_logs/2023-09-15T16_09_51_199Z-
26 verbose logfile /home/pi/.npm/_logs/2023-09-15T16_09_51_199Z-debug-0.log
27 timing npm:load:logFile Completed in 126ms
28 timing npm:load:timers Completed in 1ms
29 timing npm:load:configScope Completed in 0ms
30 timing npm:load Completed in 398ms
31 timing arborist:ctor Completed in 9ms
32 silly logfile done cleaning log files
33 timing idealTree:init Completed in 1130ms
34 timing idealTree:userRequests Completed in 16ms
35 silly idealTree buildDeps
36 silly fetch manifest raspi-io@*
37 timing arborist:ctor Completed in 2ms
38 http fetch GET 200 https://registry.npmjs.org/raspi-io 2210ms (cache miss)
39 silly placeDep ROOT raspi-io@11.0.0 OK for: project01@1.0.0 want: *
40 silly fetch manifest clone@^2.1.2
41 silly fetch manifest j5-io@^3.1.0
42 silly fetch manifest j5-io-types@^2.4.0
43 silly fetch manifest raspi@^6.0.1
44 silly fetch manifest raspi-board@^7.1.2
45 silly fetch manifest raspi-gpio@^6.2.1
46 silly fetch manifest raspi-i2c@^6.2.2
47 silly fetch manifest raspi-led@^2.1.1
48 silly fetch manifest raspi-serial@^6.0.0
49 silly fetch manifest raspi-soft-pwm@^6.0.1
50 http fetch GET 200 https://registry.npmjs.org/clone 512ms (cache miss)
51 http fetch GET 200 https://registry.npmjs.org/raspi-i2c 809ms (cache miss)
52 http fetch GET 200 https://registry.npmjs.org/j5-io-types 1670ms (cache miss)
53 http fetch GET 200 https://registry.npmjs.org/j5-io 1722ms (cache miss)
54 http fetch GET 200 https://registry.npmjs.org/raspi-serial 1710ms (cache miss)
55 http fetch GET 200 https://registry.npmjs.org/raspi-led 1733ms (cache miss)
56 http fetch GET 200 https://registry.npmjs.org/raspi 1777ms (cache miss)
57 http fetch GET 200 https://registry.npmjs.org/raspi-soft-pwm 1739ms (cache miss)
58 http fetch GET 200 https://registry.npmjs.org/raspi-gpio 1800ms (cache miss)
59 http fetch GET 200 https://registry.npmjs.org/raspi-board 1837ms (cache miss)
60 timing idealTree:#root Completed in 4192ms
61 silly placeDep ROOT clone@2.1.2 OK for: raspi-io@11.0.0 want: ^2.1.2
62 silly placeDep ROOT j5-io@3.2.0 OK for: raspi-io@11.0.0 want: ^3.1.0
63 silly fetch manifest abstract-io@^1.6.0
64 silly fetch manifest j5-io-types@^2.5.0
65 silly placeDep ROOT j5-io-types@2.5.0 OK for: raspi-io@11.0.0 want: ^2.4.0
66 silly placeDep ROOT raspi@6.0.1 OK for: raspi-io@11.0.0 want: ^6.0.1
67 silly fetch manifest raspi-board@^7.0.0
68 silly placeDep ROOT raspi-board@7.4.0 OK for: raspi-io@11.0.0 want: ^7.1.2
69 silly placeDep ROOT raspi-gpio@6.2.2 OK for: raspi-io@11.0.0 want: ^6.2.1
70 silly fetch manifest pigpio@^1.2.1
71 silly fetch manifest raspi-peripheral@^3.0.3
72 silly placeDep ROOT raspi-i2c@6.2.4 OK for: raspi-io@11.0.0 want: ^6.2.2
73 silly fetch manifest i2c-bus@^5.1.0
74 silly fetch manifest ini-builder@^1.1.1
75 silly placeDep ROOT raspi-led@2.1.2 OK for: raspi-io@11.0.0 want: ^2.1.1
76 silly placeDep ROOT raspi-serial@6.0.0 OK for: raspi-io@11.0.0 want: ^6.0.0
77 silly placeDep ROOT raspi-soft-pwm@6.0.2 OK for: raspi-io@11.0.0 want: ^6.0.1
78 http fetch GET 200 https://registry.npmjs.org/i2c-bus 294ms (cache miss)
79 http fetch GET 200 https://registry.npmjs.org/pigpio 523ms (cache miss)
80 http fetch GET 200 https://registry.npmjs.org/ini-builder 1012ms (cache miss)
81 http fetch GET 200 https://registry.npmjs.org/abstract-io 1164ms (cache miss)
82 http fetch GET 200 https://registry.npmjs.org/raspi-peripheral 1068ms (cache miss)
83 timing idealTree:node_modules/raspi-io Completed in 1285ms
84 timing idealTree:node_modules/clone Completed in 0ms
85 silly placeDep ROOT abstract-io@1.6.0 OK for: j5-io@3.2.0 want: ^1.6.0
86 timing idealTree:node_modules/j5-io Completed in 25ms
87 timing idealTree:node_modules/abstract-io Completed in 0ms
88 timing idealTree:node_modules/j5-io-types Completed in 0ms
89 timing idealTree:node_modules/raspi Completed in 1ms
90 timing idealTree:node_modules/raspi-board Completed in 0ms
91 silly placeDep ROOT pigpio@1.3.0 OK for: raspi-gpio@6.2.2 want: ^1.2.1
92 silly placeDep ROOT raspi-peripheral@3.0.4 OK for: raspi-gpio@6.2.2 want: ^3.0.3
93 timing idealTree:node_modules/raspi-gpio Completed in 68ms
94 timing idealTree:node_modules/pigpio Completed in 1ms
95 silly placeDep ROOT i2c-bus@5.2.3 OK for: raspi-i2c@6.2.4 want: ^5.1.0
96 silly placeDep ROOT ini-builder@1.1.1 OK for: raspi-i2c@6.2.4 want: ^1.1.1
97 timing idealTree:node_modules/raspi-i2c Completed in 43ms
98 timing idealTree:node_modules/i2c-bus Completed in 0ms
99 timing idealTree:node_modules/ini-builder Completed in 0ms
100 timing idealTree:node_modules/raspi-led Completed in 0ms
101 timing idealTree:node_modules/raspi-peripheral Completed in 0ms
102 timing idealTree:node_modules/raspi-serial Completed in 1ms
103 timing idealTree:node_modules/raspi-soft-pwm Completed in 1ms
104 timing idealTree:buildDeps Completed in 5647ms
105 timing idealTree:fixDepFlags Completed in 24ms
106 timing idealTree Completed in 6877ms
107 timing reify:loadTrees Completed in 6889ms
108 timing reify:diffTrees Completed in 65ms
109 silly reify moves {}
110 timing reify:retireShallow Completed in 13ms
111 timing reify:createSparse Completed in 35ms
112 timing reify:loadBundles Completed in 0ms
113 silly audit bulk request {
113 silly audit   '@serialport/binding-abstract': [ '8.0.6' ],
113 silly audit   '@serialport/binding-mock': [ '8.0.6' ],
113 silly audit   '@serialport/bindings': [ '8.0.8' ],
113 silly audit   '@serialport/parser-byte-length': [ '8.0.6' ],
113 silly audit   '@serialport/parser-cctalk': [ '8.0.6' ],
113 silly audit   '@serialport/parser-delimiter': [ '8.0.6' ],
113 silly audit   '@serialport/parser-readline': [ '8.0.6' ],
113 silly audit   '@serialport/parser-ready': [ '8.0.6' ],
113 silly audit   '@serialport/parser-regex': [ '8.0.6' ],
113 silly audit   '@serialport/stream': [ '8.0.6' ],
113 silly audit   'ansi-regex': [ '2.1.1' ],
113 silly audit   'ansi-styles': [ '3.2.1' ],
113 silly audit   'color-convert': [ '1.9.3', '1.2.2' ],
113 silly audit   aproba: [ '1.2.0' ],
113 silly audit   'are-we-there-yet': [ '1.1.7' ],
113 silly audit   'base64-js': [ '1.5.1' ],
113 silly audit   bindings: [ '1.5.0' ],
113 silly audit   bl: [ '4.1.0' ],
113 silly audit   'readable-stream': [ '3.6.2', '2.3.8' ],
113 silly audit   'browser-serialport': [ '2.1.0' ],
113 silly audit   buffer: [ '5.7.1' ],
113 silly audit   chalk: [ '2.1.0' ],
113 silly audit   chownr: [ '1.1.4' ],
113 silly audit   'code-point-at': [ '1.1.0' ],
113 silly audit   'color-name': [ '1.1.3' ],
113 silly audit   'console-control-strings': [ '1.1.0' ],
113 silly audit   'core-util-is': [ '1.0.3' ],
113 silly audit   debug: [ '4.3.4' ],
113 silly audit   'decompress-response': [ '4.2.1' ],
113 silly audit   'deep-extend': [ '0.6.0' ],
113 silly audit   delegates: [ '1.0.0' ],
113 silly audit   'detect-libc': [ '1.0.3' ],
113 silly audit   'end-of-stream': [ '1.4.4' ],
113 silly audit   'escape-string-regexp': [ '1.0.5' ],
113 silly audit   'expand-template': [ '2.0.3' ],
113 silly audit   'file-uri-to-path': [ '1.0.0' ],
113 silly audit   firmata: [ '2.3.0' ],
113 silly audit   'firmata-io': [ '2.3.0' ],
113 silly audit   'fs-constants': [ '1.0.0' ],
113 silly audit   gauge: [ '2.7.4' ],
113 silly audit   'github-from-package': [ '0.0.0' ],
113 silly audit   'has-flag': [ '2.0.0' ],
113 silly audit   'has-unicode': [ '2.0.1' ],
113 silly audit   ieee754: [ '1.2.1' ],
113 silly audit   inherits: [ '2.0.4' ],
113 silly audit   ini: [ '1.3.8' ],
113 silly audit   'is-fullwidth-code-point': [ '1.0.0' ],
113 silly audit   isarray: [ '1.0.0' ],
113 silly audit   'johnny-five': [ '2.1.0' ],
113 silly audit   'lodash.clonedeep': [ '4.5.0' ],
113 silly audit   'lodash.debounce': [ '4.0.8' ],
113 silly audit   'mimic-response': [ '2.1.0' ],
113 silly audit   minimist: [ '1.2.8' ],
113 silly audit   'mkdirp-classic': [ '0.5.3' ],
113 silly audit   ms: [ '2.1.2' ],
113 silly audit   nan: [ '2.18.0' ],
113 silly audit   nanotimer: [ '0.3.10' ],
113 silly audit   'napi-build-utils': [ '1.0.2' ],
113 silly audit   'node-abi': [ '2.30.1' ],
113 silly audit   'noop-logger': [ '0.1.1' ],
113 silly audit   npmlog: [ '4.1.2' ],
113 silly audit   'number-is-nan': [ '1.0.1' ],
113 silly audit   'object-assign': [ '4.1.1' ],
113 silly audit   once: [ '1.4.0' ],
113 silly audit   'prebuild-install': [ '5.3.6' ],
113 silly audit   'process-nextick-args': [ '2.0.1' ],
113 silly audit   pump: [ '3.0.0' ],
113 silly audit   rc: [ '1.2.8' ],
113 silly audit   'safe-buffer': [ '5.1.2' ],
113 silly audit   semver: [ '5.7.2' ],
113 silly audit   serialport: [ '8.0.8' ],
113 silly audit   'set-blocking': [ '2.0.0' ],
113 silly audit   'signal-exit': [ '3.0.7' ],
113 silly audit   'simple-concat': [ '1.0.1' ],
113 silly audit   'simple-get': [ '3.1.1' ],
113 silly audit   string_decoder: [ '1.1.1' ],
113 silly audit   'string-width': [ '1.0.2' ],
113 silly audit   'strip-ansi': [ '3.0.1' ],
113 silly audit   'strip-json-comments': [ '2.0.1' ],
113 silly audit   'supports-color': [ '4.5.0' ],
113 silly audit   'tar-fs': [ '2.1.1' ],
113 silly audit   'tar-stream': [ '2.2.0' ],
113 silly audit   temporal: [ '0.7.1' ],
113 silly audit   'tunnel-agent': [ '0.6.0' ],
113 silly audit   'util-deprecate': [ '1.0.2' ],
113 silly audit   'which-pm-runs': [ '1.1.0' ],
113 silly audit   'wide-align': [ '1.1.5' ],
113 silly audit   wrappy: [ '1.0.2' ],
113 silly audit   'raspi-io': [ '11.0.0' ],
113 silly audit   clone: [ '2.1.2' ],
113 silly audit   'j5-io': [ '3.2.0' ],
113 silly audit   'j5-io-types': [ '2.5.0' ],
113 silly audit   raspi: [ '6.0.1' ],
113 silly audit   'raspi-board': [ '7.4.0' ],
113 silly audit   'raspi-gpio': [ '6.2.2' ],
113 silly audit   'raspi-i2c': [ '6.2.4' ],
113 silly audit   'raspi-led': [ '2.1.2' ],
113 silly audit   'raspi-serial': [ '6.0.0' ],
113 silly audit   'raspi-soft-pwm': [ '6.0.2' ],
113 silly audit   'abstract-io': [ '1.6.0' ],
113 silly audit   pigpio: [ '1.3.0' ],
113 silly audit   'raspi-peripheral': [ '3.0.4' ],
113 silly audit   'i2c-bus': [ '5.2.3' ],
113 silly audit   'ini-builder': [ '1.1.1' ]
113 silly audit }
114 silly tarball no local data for ini-builder@https://registry.npmjs.org/ini-builder/-/ini-builder-1.1.1.tgz. Extracting by manifest.
115 silly tarball no local data for raspi-peripheral@https://registry.npmjs.org/raspi-peripheral/-/raspi-peripheral-3.0.4.tgz. Extracting by manifest.
116 silly tarball no local data for pigpio@https://registry.npmjs.org/pigpio/-/pigpio-1.3.0.tgz. Extracting by manifest.
117 silly tarball no local data for abstract-io@https://registry.npmjs.org/abstract-io/-/abstract-io-1.6.0.tgz. Extracting by manifest.
118 silly tarball no local data for i2c-bus@https://registry.npmjs.org/i2c-bus/-/i2c-bus-5.2.3.tgz. Extracting by manifest.
119 silly tarball no local data for raspi-soft-pwm@https://registry.npmjs.org/raspi-soft-pwm/-/raspi-soft-pwm-6.0.2.tgz. Extracting by manifest.
120 silly tarball no local data for raspi-serial@https://registry.npmjs.org/raspi-serial/-/raspi-serial-6.0.0.tgz. Extracting by manifest.
121 silly tarball no local data for raspi-led@https://registry.npmjs.org/raspi-led/-/raspi-led-2.1.2.tgz. Extracting by manifest.
122 silly tarball no local data for raspi-i2c@https://registry.npmjs.org/raspi-i2c/-/raspi-i2c-6.2.4.tgz. Extracting by manifest.
123 silly tarball no local data for raspi-gpio@https://registry.npmjs.org/raspi-gpio/-/raspi-gpio-6.2.2.tgz. Extracting by manifest.
124 silly tarball no local data for raspi-board@https://registry.npmjs.org/raspi-board/-/raspi-board-7.4.0.tgz. Extracting by manifest.
125 silly tarball no local data for raspi@https://registry.npmjs.org/raspi/-/raspi-6.0.1.tgz. Extracting by manifest.
126 silly tarball no local data for j5-io-types@https://registry.npmjs.org/j5-io-types/-/j5-io-types-2.5.0.tgz. Extracting by manifest.
127 silly tarball no local data for j5-io@https://registry.npmjs.org/j5-io/-/j5-io-3.2.0.tgz. Extracting by manifest.
128 silly tarball no local data for clone@https://registry.npmjs.org/clone/-/clone-2.1.2.tgz. Extracting by manifest.
129 silly tarball no local data for raspi-io@https://registry.npmjs.org/raspi-io/-/raspi-io-11.0.0.tgz. Extracting by manifest.
130 http fetch POST 200 https://registry.npmjs.org/-/npm/v1/security/advisories/bulk 1206ms
131 timing auditReport:getReport Completed in 1306ms
132 silly audit report {}
133 timing auditReport:init Completed in 0ms
134 timing reify:audit Completed in 1316ms
135 http fetch GET 200 https://registry.npmjs.org/raspi-led/-/raspi-led-2.1.2.tgz 2461ms (cache miss)
136 timing reifyNode:node_modules/raspi-led Completed in 2764ms
137 http fetch GET 200 https://registry.npmjs.org/abstract-io/-/abstract-io-1.6.0.tgz 2593ms (cache miss)
138 http fetch GET 200 https://registry.npmjs.org/raspi-i2c/-/raspi-i2c-6.2.4.tgz 2527ms (cache miss)
139 timing reifyNode:node_modules/raspi-i2c Completed in 2840ms
140 http fetch GET 200 https://registry.npmjs.org/ini-builder/-/ini-builder-1.1.1.tgz 2641ms (cache miss)
141 timing reifyNode:node_modules/ini-builder Completed in 2864ms
142 http fetch GET 200 https://registry.npmjs.org/raspi-serial/-/raspi-serial-6.0.0.tgz 2589ms (cache miss)
143 timing reifyNode:node_modules/raspi-serial Completed in 2877ms
144 timing reifyNode:node_modules/abstract-io Completed in 2902ms
145 http fetch GET 200 https://registry.npmjs.org/raspi-peripheral/-/raspi-peripheral-3.0.4.tgz 2687ms (cache miss)
146 http fetch GET 200 https://registry.npmjs.org/raspi/-/raspi-6.0.1.tgz 2551ms (cache miss)
147 timing reifyNode:node_modules/raspi Completed in 2903ms
148 timing reifyNode:node_modules/raspi-peripheral Completed in 2944ms
149 http fetch GET 200 https://registry.npmjs.org/clone/-/clone-2.1.2.tgz 2611ms (cache miss)
150 timing reifyNode:node_modules/clone Completed in 2997ms
151 http fetch GET 200 https://registry.npmjs.org/j5-io-types/-/j5-io-types-2.5.0.tgz 2680ms (cache miss)
152 timing reifyNode:node_modules/j5-io-types Completed in 3043ms
153 http fetch GET 200 https://registry.npmjs.org/raspi-io/-/raspi-io-11.0.0.tgz 2673ms (cache miss)
154 timing reifyNode:node_modules/raspi-io Completed in 3070ms
155 http fetch GET 200 https://registry.npmjs.org/raspi-soft-pwm/-/raspi-soft-pwm-6.0.2.tgz 2900ms (cache miss)
156 timing reifyNode:node_modules/raspi-soft-pwm Completed in 3180ms
157 http fetch GET 200 https://registry.npmjs.org/raspi-board/-/raspi-board-7.4.0.tgz 2853ms (cache miss)
158 timing reifyNode:node_modules/raspi-board Completed in 3194ms
159 http fetch GET 200 https://registry.npmjs.org/raspi-gpio/-/raspi-gpio-6.2.2.tgz 2874ms (cache miss)
160 timing reifyNode:node_modules/raspi-gpio Completed in 3203ms
161 http fetch GET 200 https://registry.npmjs.org/j5-io/-/j5-io-3.2.0.tgz 3114ms (cache miss)
162 timing reifyNode:node_modules/j5-io Completed in 3499ms
163 http fetch GET 200 https://registry.npmjs.org/pigpio/-/pigpio-1.3.0.tgz 4234ms (cache miss)
164 timing reifyNode:node_modules/pigpio Completed in 4484ms
165 http fetch GET 200 https://registry.npmjs.org/i2c-bus/-/i2c-bus-5.2.3.tgz 4258ms (cache miss)
166 timing reifyNode:node_modules/i2c-bus Completed in 4517ms
167 timing reify:unpack Completed in 4523ms
168 timing reify:unretire Completed in 1ms
169 timing build:queue Completed in 33ms
170 info run raspi-gpio@6.2.2 preinstall node_modules/raspi-gpio sh ./script/pigpio.sh
171 info run raspi-soft-pwm@6.0.2 preinstall node_modules/raspi-soft-pwm sh ./script/pigpio.sh
172 info run raspi-gpio@6.2.2 preinstall { code: 100, signal: null }
173 timing reify:rollback:createSparse Completed in 265ms
174 timing reify:rollback:retireShallow Completed in 0ms
175 timing command:install Completed in 12883ms
176 verbose stack Error: command failed
176 verbose stack     at ChildProcess.<anonymous> (/home/pi/.nvm/versions/node/v18.17.1/lib/node_modules/npm/node_modules/@npmcli/promise-spawn/lib/index.js:53:27)
176 verbose stack     at ChildProcess.emit (node:events:514:28)
176 verbose stack     at maybeClose (node:internal/child_process:1091:16)
176 verbose stack     at ChildProcess._handle.onexit (node:internal/child_process:302:5)
177 verbose pkgid raspi-gpio@6.2.2
178 verbose cwd /home/pi/project01
179 verbose Linux 6.1.21-v8+
180 verbose node v18.17.1
181 verbose npm  v9.6.7
182 error code 100
183 error path /home/pi/project01/node_modules/raspi-gpio
184 error command failed
185 error command sh -c sh ./script/pigpio.sh
186 error pigpio doesn't appear to be installed, installing now. You may be asked for your password.
187 error E: Could not get lock /var/lib/dpkg/lock-frontend. It is held by process 1441 (apt-get)
187 error E: Unable to acquire the dpkg frontend lock (/var/lib/dpkg/lock-frontend), is another process using it?
188 verbose exit 100
189 timing npm Completed in 16563ms
190 verbose unfinished npm timer reify 1694794194855
191 verbose unfinished npm timer reify:build 1694794206642
192 verbose unfinished npm timer build 1694794206649
193 verbose unfinished npm timer build:deps 1694794206651
194 verbose unfinished npm timer build:run:preinstall 1694794206689
195 verbose unfinished npm timer build:run:preinstall:node_modules/raspi-gpio 1694794206693
196 verbose unfinished npm timer build:run:preinstall:node_modules/raspi-soft-pwm 1694794206773
197 verbose code 100
198 error A complete log of this run can be found in: /home/pi/.npm/_logs/2023-09-15T16_09_51_199Z-debug-0.log
