0 verbose cli /home/pi/.nvm/versions/node/v18.17.1/bin/node /home/pi/.nvm/versions/node/v18.17.1/bin/npm
1 info using npm@9.6.7
2 info using node@v18.17.1
3 timing npm:load:whichnode Completed in 14ms
4 timing config:load:defaults Completed in 25ms
5 timing config:load:file:/home/pi/.nvm/versions/node/v18.17.1/lib/node_modules/npm/npmrc Completed in 33ms
6 timing config:load:builtin Completed in 38ms
7 timing config:load:cli Completed in 73ms
8 timing config:load:env Completed in 7ms
9 timing config:load:file:/home/pi/project01/.npmrc Completed in 0ms
10 timing config:load:project Completed in 12ms
11 timing config:load:file:/home/pi/.npmrc Completed in 1ms
12 timing config:load:user Completed in 4ms
13 timing config:load:file:/home/pi/.nvm/versions/node/v18.17.1/etc/npmrc Completed in 1ms
14 timing config:load:global Completed in 3ms
15 timing config:load:setEnvs Completed in 11ms
16 timing config:load Completed in 180ms
17 timing npm:load:configload Completed in 181ms
18 timing npm:load:mkdirpcache Completed in 2ms
19 timing npm:load:mkdirplogs Completed in 2ms
20 verbose title npm install onoff
21 verbose argv "install" "onoff"
22 timing npm:load:setTitle Completed in 12ms
23 timing config:load:flatten Completed in 35ms
24 timing npm:load:display Completed in 44ms
25 verbose logfile logs-max:10 dir:/home/pi/.npm/_logs/2023-09-15T16_19_54_188Z-
26 verbose logfile /home/pi/.npm/_logs/2023-09-15T16_19_54_188Z-debug-0.log
27 timing npm:load:logFile Completed in 128ms
28 timing npm:load:timers Completed in 1ms
29 timing npm:load:configScope Completed in 1ms
30 timing npm:load Completed in 395ms
31 timing arborist:ctor Completed in 10ms
32 silly logfile done cleaning log files
33 timing idealTree:init Completed in 1323ms
34 timing idealTree:userRequests Completed in 14ms
35 silly idealTree buildDeps
36 silly fetch manifest onoff@*
37 timing arborist:ctor Completed in 2ms
38 http fetch GET 200 https://registry.npmjs.org/onoff 2187ms (cache miss)
39 silly placeDep ROOT onoff@6.0.3 OK for: project01@1.0.0 want: *
40 silly fetch manifest epoll@^4.0.1
41 http fetch GET 200 https://registry.npmjs.org/epoll 854ms (cache miss)
42 timing idealTree:#root Completed in 3161ms
43 silly placeDep ROOT epoll@4.0.2 OK for: onoff@6.0.3 want: ^4.0.1
44 timing idealTree:node_modules/onoff Completed in 32ms
45 timing idealTree:node_modules/epoll Completed in 0ms
46 timing idealTree:buildDeps Completed in 3209ms
47 timing idealTree:fixDepFlags Completed in 24ms
48 timing idealTree Completed in 4626ms
49 timing reify:loadTrees Completed in 4638ms
50 timing reify:diffTrees Completed in 59ms
51 silly reify moves {}
52 timing reify:retireShallow Completed in 12ms
53 timing reify:createSparse Completed in 14ms
54 timing reify:loadBundles Completed in 0ms
55 silly audit bulk request {
55 silly audit   '@serialport/binding-abstract': [ '8.0.6' ],
55 silly audit   '@serialport/binding-mock': [ '8.0.6' ],
55 silly audit   '@serialport/bindings': [ '8.0.8' ],
55 silly audit   '@serialport/parser-byte-length': [ '8.0.6' ],
55 silly audit   '@serialport/parser-cctalk': [ '8.0.6' ],
55 silly audit   '@serialport/parser-delimiter': [ '8.0.6' ],
55 silly audit   '@serialport/parser-readline': [ '8.0.6' ],
55 silly audit   '@serialport/parser-ready': [ '8.0.6' ],
55 silly audit   '@serialport/parser-regex': [ '8.0.6' ],
55 silly audit   '@serialport/stream': [ '8.0.6' ],
55 silly audit   'abstract-io': [ '1.6.0' ],
55 silly audit   'ansi-regex': [ '2.1.1' ],
55 silly audit   'ansi-styles': [ '3.2.1' ],
55 silly audit   'color-convert': [ '1.9.3', '1.2.2' ],
55 silly audit   aproba: [ '1.2.0' ],
55 silly audit   'are-we-there-yet': [ '1.1.7' ],
55 silly audit   'base64-js': [ '1.5.1' ],
55 silly audit   bindings: [ '1.5.0' ],
55 silly audit   bl: [ '4.1.0' ],
55 silly audit   'readable-stream': [ '3.6.2', '2.3.8' ],
55 silly audit   'browser-serialport': [ '2.1.0' ],
55 silly audit   buffer: [ '5.7.1' ],
55 silly audit   chalk: [ '2.1.0' ],
55 silly audit   chownr: [ '1.1.4' ],
55 silly audit   clone: [ '2.1.2' ],
55 silly audit   'code-point-at': [ '1.1.0' ],
55 silly audit   'color-name': [ '1.1.3' ],
55 silly audit   'console-control-strings': [ '1.1.0' ],
55 silly audit   'core-util-is': [ '1.0.3' ],
55 silly audit   debug: [ '4.3.4' ],
55 silly audit   'decompress-response': [ '4.2.1' ],
55 silly audit   'deep-extend': [ '0.6.0' ],
55 silly audit   delegates: [ '1.0.0' ],
55 silly audit   'detect-libc': [ '1.0.3' ],
55 silly audit   'end-of-stream': [ '1.4.4' ],
55 silly audit   'escape-string-regexp': [ '1.0.5' ],
55 silly audit   'expand-template': [ '2.0.3' ],
55 silly audit   'file-uri-to-path': [ '1.0.0' ],
55 silly audit   firmata: [ '2.3.0' ],
55 silly audit   'firmata-io': [ '2.3.0' ],
55 silly audit   'fs-constants': [ '1.0.0' ],
55 silly audit   gauge: [ '2.7.4' ],
55 silly audit   'github-from-package': [ '0.0.0' ],
55 silly audit   'has-flag': [ '2.0.0' ],
55 silly audit   'has-unicode': [ '2.0.1' ],
55 silly audit   'i2c-bus': [ '5.2.3' ],
55 silly audit   ieee754: [ '1.2.1' ],
55 silly audit   inherits: [ '2.0.4' ],
55 silly audit   ini: [ '1.3.8' ],
55 silly audit   'ini-builder': [ '1.1.1' ],
55 silly audit   'is-fullwidth-code-point': [ '1.0.0' ],
55 silly audit   isarray: [ '1.0.0' ],
55 silly audit   'j5-io': [ '3.2.0' ],
55 silly audit   'j5-io-types': [ '2.5.0' ],
55 silly audit   'johnny-five': [ '2.1.0' ],
55 silly audit   'lodash.clonedeep': [ '4.5.0' ],
55 silly audit   'lodash.debounce': [ '4.0.8' ],
55 silly audit   'mimic-response': [ '2.1.0' ],
55 silly audit   minimist: [ '1.2.8' ],
55 silly audit   'mkdirp-classic': [ '0.5.3' ],
55 silly audit   ms: [ '2.1.2' ],
55 silly audit   nan: [ '2.18.0' ],
55 silly audit   nanotimer: [ '0.3.10' ],
55 silly audit   'napi-build-utils': [ '1.0.2' ],
55 silly audit   'node-abi': [ '2.30.1' ],
55 silly audit   'noop-logger': [ '0.1.1' ],
55 silly audit   npmlog: [ '4.1.2' ],
55 silly audit   'number-is-nan': [ '1.0.1' ],
55 silly audit   'object-assign': [ '4.1.1' ],
55 silly audit   once: [ '1.4.0' ],
55 silly audit   pigpio: [ '1.3.0' ],
55 silly audit   'prebuild-install': [ '5.3.6' ],
55 silly audit   'process-nextick-args': [ '2.0.1' ],
55 silly audit   pump: [ '3.0.0' ],
55 silly audit   raspi: [ '6.0.1' ],
55 silly audit   'raspi-board': [ '7.4.0' ],
55 silly audit   'raspi-gpio': [ '6.2.2' ],
55 silly audit   'raspi-i2c': [ '6.2.4' ],
55 silly audit   'raspi-io': [ '11.0.0' ],
55 silly audit   'raspi-led': [ '2.1.2' ],
55 silly audit   'raspi-peripheral': [ '3.0.4' ],
55 silly audit   'raspi-serial': [ '6.0.0' ],
55 silly audit   'raspi-soft-pwm': [ '6.0.2' ],
55 silly audit   rc: [ '1.2.8' ],
55 silly audit   'safe-buffer': [ '5.1.2' ],
55 silly audit   semver: [ '5.7.2' ],
55 silly audit   serialport: [ '8.0.8' ],
55 silly audit   'set-blocking': [ '2.0.0' ],
55 silly audit   'signal-exit': [ '3.0.7' ],
55 silly audit   'simple-concat': [ '1.0.1' ],
55 silly audit   'simple-get': [ '3.1.1' ],
55 silly audit   string_decoder: [ '1.1.1' ],
55 silly audit   'string-width': [ '1.0.2' ],
55 silly audit   'strip-ansi': [ '3.0.1' ],
55 silly audit   'strip-json-comments': [ '2.0.1' ],
55 silly audit   'supports-color': [ '4.5.0' ],
55 silly audit   'tar-fs': [ '2.1.1' ],
55 silly audit   'tar-stream': [ '2.2.0' ],
55 silly audit   temporal: [ '0.7.1' ],
55 silly audit   'tunnel-agent': [ '0.6.0' ],
55 silly audit   'util-deprecate': [ '1.0.2' ],
55 silly audit   'which-pm-runs': [ '1.1.0' ],
55 silly audit   'wide-align': [ '1.1.5' ],
55 silly audit   wrappy: [ '1.0.2' ],
55 silly audit   onoff: [ '6.0.3' ],
55 silly audit   epoll: [ '4.0.2' ]
55 silly audit }
56 silly tarball no local data for epoll@https://registry.npmjs.org/epoll/-/epoll-4.0.2.tgz. Extracting by manifest.
57 silly tarball no local data for onoff@https://registry.npmjs.org/onoff/-/onoff-6.0.3.tgz. Extracting by manifest.
58 http fetch POST 200 https://registry.npmjs.org/-/npm/v1/security/advisories/bulk 693ms
59 timing auditReport:getReport Completed in 760ms
60 silly audit report {}
61 timing auditReport:init Completed in 1ms
62 timing reify:audit Completed in 769ms
63 http fetch GET 200 https://registry.npmjs.org/epoll/-/epoll-4.0.2.tgz 1034ms (cache miss)
64 timing reifyNode:node_modules/epoll Completed in 1127ms
65 http fetch GET 200 https://registry.npmjs.org/onoff/-/onoff-6.0.3.tgz 1197ms (cache miss)
66 timing reifyNode:node_modules/onoff Completed in 1307ms
67 timing reify:unpack Completed in 1314ms
68 timing reify:unretire Completed in 1ms
69 timing build:queue Completed in 7ms
70 info run epoll@4.0.2 install node_modules/epoll node-gyp rebuild
71 info run epoll@4.0.2 install { code: 0, signal: null }
72 timing build:run:install:node_modules/epoll Completed in 27089ms
73 timing build:run:install Completed in 27093ms
74 timing build:deps Completed in 27106ms
75 timing build Completed in 27108ms
76 timing reify:build Completed in 27112ms
77 timing reify:trash Completed in 1ms
78 timing reify:save Completed in 547ms
79 timing reify Completed in 34169ms
80 silly ADD node_modules/epoll
81 silly ADD node_modules/onoff
82 timing command:install Completed in 34278ms
83 verbose exit 0
84 timing npm Completed in 37559ms
85 info ok
