0 verbose cli /home/pi/.nvm/versions/node/v18.17.1/bin/node /home/pi/.nvm/versions/node/v18.17.1/bin/npm
1 info using npm@9.6.7
2 info using node@v18.17.1
3 timing npm:load:whichnode Completed in 14ms
4 timing config:load:defaults Completed in 25ms
5 timing config:load:file:/home/pi/.nvm/versions/node/v18.17.1/lib/node_modules/npm/npmrc Completed in 9ms
6 timing config:load:builtin Completed in 13ms
7 timing config:load:cli Completed in 29ms
8 timing config:load:env Completed in 7ms
9 timing config:load:file:/home/pi/project01/.npmrc Completed in 2ms
10 timing config:load:project Completed in 44ms
11 timing config:load:file:/home/pi/.npmrc Completed in 1ms
12 timing config:load:user Completed in 4ms
13 timing config:load:file:/home/pi/.nvm/versions/node/v18.17.1/etc/npmrc Completed in 1ms
14 timing config:load:global Completed in 3ms
15 timing config:load:setEnvs Completed in 12ms
16 timing config:load Completed in 144ms
17 timing npm:load:configload Completed in 146ms
18 timing npm:load:mkdirpcache Completed in 2ms
19 timing npm:load:mkdirplogs Completed in 2ms
20 verbose title npm i rc522
21 verbose argv "i" "rc522"
22 timing npm:load:setTitle Completed in 13ms
23 timing config:load:flatten Completed in 35ms
24 timing npm:load:display Completed in 44ms
25 verbose logfile logs-max:10 dir:/home/pi/.npm/_logs/2023-09-15T18_10_42_386Z-
26 verbose logfile /home/pi/.npm/_logs/2023-09-15T18_10_42_386Z-debug-0.log
27 timing npm:load:logFile Completed in 114ms
28 timing npm:load:timers Completed in 1ms
29 timing npm:load:configScope Completed in 0ms
30 timing npm:load Completed in 345ms
31 timing arborist:ctor Completed in 9ms
32 silly logfile done cleaning log files
33 timing idealTree:init Completed in 1305ms
34 timing idealTree:userRequests Completed in 14ms
35 silly idealTree buildDeps
36 silly fetch manifest rc522@*
37 timing arborist:ctor Completed in 1ms
38 http fetch GET 200 https://registry.npmjs.org/rc522 3064ms (cache miss)
39 silly placeDep ROOT rc522@0.2.0 OK for: project01@1.0.0 want: *
40 timing idealTree:#root Completed in 3157ms
41 timing idealTree:node_modules/rc522 Completed in 1ms
42 timing idealTree:buildDeps Completed in 3173ms
43 timing idealTree:fixDepFlags Completed in 23ms
44 warn EBADENGINE Unsupported engine {
44 warn EBADENGINE   package: 'rc522@0.2.0',
44 warn EBADENGINE   required: { node: '0.12.9' },
44 warn EBADENGINE   current: { node: 'v18.17.1', npm: '9.6.7' }
44 warn EBADENGINE }
45 timing idealTree Completed in 4609ms
46 timing reify:loadTrees Completed in 4620ms
47 timing reify:diffTrees Completed in 72ms
48 silly reify moves {}
49 timing reify:retireShallow Completed in 3ms
50 timing reify:createSparse Completed in 13ms
51 timing reify:loadBundles Completed in 0ms
52 silly audit bulk request {
52 silly audit   '@serialport/binding-abstract': [ '8.0.6' ],
52 silly audit   '@serialport/binding-mock': [ '8.0.6' ],
52 silly audit   '@serialport/bindings': [ '8.0.8' ],
52 silly audit   '@serialport/parser-byte-length': [ '8.0.6' ],
52 silly audit   '@serialport/parser-cctalk': [ '8.0.6' ],
52 silly audit   '@serialport/parser-delimiter': [ '8.0.6' ],
52 silly audit   '@serialport/parser-readline': [ '8.0.6' ],
52 silly audit   '@serialport/parser-ready': [ '8.0.6' ],
52 silly audit   '@serialport/parser-regex': [ '8.0.6' ],
52 silly audit   '@serialport/stream': [ '8.0.6' ],
52 silly audit   'abstract-io': [ '1.6.0' ],
52 silly audit   'ansi-regex': [ '2.1.1' ],
52 silly audit   'ansi-styles': [ '3.2.1' ],
52 silly audit   'color-convert': [ '1.9.3', '1.2.2' ],
52 silly audit   aproba: [ '1.2.0' ],
52 silly audit   'are-we-there-yet': [ '1.1.7' ],
52 silly audit   'base64-js': [ '1.5.1' ],
52 silly audit   bindings: [ '1.5.0' ],
52 silly audit   bl: [ '4.1.0' ],
52 silly audit   'readable-stream': [ '3.6.2', '2.3.8' ],
52 silly audit   'browser-serialport': [ '2.1.0' ],
52 silly audit   buffer: [ '5.7.1' ],
52 silly audit   chalk: [ '2.1.0' ],
52 silly audit   chownr: [ '1.1.4' ],
52 silly audit   clone: [ '2.1.2' ],
52 silly audit   'code-point-at': [ '1.1.0' ],
52 silly audit   'color-name': [ '1.1.3' ],
52 silly audit   'console-control-strings': [ '1.1.0' ],
52 silly audit   'core-util-is': [ '1.0.3' ],
52 silly audit   debug: [ '4.3.4' ],
52 silly audit   'decompress-response': [ '4.2.1' ],
52 silly audit   'deep-extend': [ '0.6.0' ],
52 silly audit   delegates: [ '1.0.0' ],
52 silly audit   'detect-libc': [ '1.0.3' ],
52 silly audit   'end-of-stream': [ '1.4.4' ],
52 silly audit   epoll: [ '4.0.2' ],
52 silly audit   'escape-string-regexp': [ '1.0.5' ],
52 silly audit   'expand-template': [ '2.0.3' ],
52 silly audit   'file-uri-to-path': [ '1.0.0' ],
52 silly audit   firmata: [ '2.3.0' ],
52 silly audit   'firmata-io': [ '2.3.0' ],
52 silly audit   'fs-constants': [ '1.0.0' ],
52 silly audit   gauge: [ '2.7.4' ],
52 silly audit   'github-from-package': [ '0.0.0' ],
52 silly audit   'has-flag': [ '2.0.0' ],
52 silly audit   'has-unicode': [ '2.0.1' ],
52 silly audit   'i2c-bus': [ '5.2.3' ],
52 silly audit   ieee754: [ '1.2.1' ],
52 silly audit   inherits: [ '2.0.4' ],
52 silly audit   ini: [ '1.3.8' ],
52 silly audit   'ini-builder': [ '1.1.1' ],
52 silly audit   'is-fullwidth-code-point': [ '1.0.0' ],
52 silly audit   isarray: [ '1.0.0' ],
52 silly audit   'j5-io': [ '3.2.0' ],
52 silly audit   'j5-io-types': [ '2.5.0' ],
52 silly audit   'johnny-five': [ '2.1.0' ],
52 silly audit   'lodash.clonedeep': [ '4.5.0' ],
52 silly audit   'lodash.debounce': [ '4.0.8' ],
52 silly audit   'mimic-response': [ '2.1.0' ],
52 silly audit   minimist: [ '1.2.8' ],
52 silly audit   'mkdirp-classic': [ '0.5.3' ],
52 silly audit   ms: [ '2.1.2' ],
52 silly audit   nan: [ '2.18.0' ],
52 silly audit   nanotimer: [ '0.3.10' ],
52 silly audit   'napi-build-utils': [ '1.0.2' ],
52 silly audit   'node-abi': [ '2.30.1' ],
52 silly audit   'noop-logger': [ '0.1.1' ],
52 silly audit   npmlog: [ '4.1.2' ],
52 silly audit   'number-is-nan': [ '1.0.1' ],
52 silly audit   'object-assign': [ '4.1.1' ],
52 silly audit   once: [ '1.4.0' ],
52 silly audit   onoff: [ '6.0.3' ],
52 silly audit   pigpio: [ '1.3.0' ],
52 silly audit   'prebuild-install': [ '5.3.6' ],
52 silly audit   'process-nextick-args': [ '2.0.1' ],
52 silly audit   pump: [ '3.0.0' ],
52 silly audit   raspi: [ '6.0.1' ],
52 silly audit   'raspi-board': [ '7.4.0' ],
52 silly audit   'raspi-gpio': [ '6.2.2' ],
52 silly audit   'raspi-i2c': [ '6.2.4' ],
52 silly audit   'raspi-io': [ '11.0.0' ],
52 silly audit   'raspi-led': [ '2.1.2' ],
52 silly audit   'raspi-peripheral': [ '3.0.4' ],
52 silly audit   'raspi-serial': [ '6.0.0' ],
52 silly audit   'raspi-soft-pwm': [ '6.0.2' ],
52 silly audit   rc: [ '1.2.8' ],
52 silly audit   'safe-buffer': [ '5.1.2' ],
52 silly audit   semver: [ '5.7.2' ],
52 silly audit   serialport: [ '8.0.8' ],
52 silly audit   'set-blocking': [ '2.0.0' ],
52 silly audit   'signal-exit': [ '3.0.7' ],
52 silly audit   'simple-concat': [ '1.0.1' ],
52 silly audit   'simple-get': [ '3.1.1' ],
52 silly audit   string_decoder: [ '1.1.1' ],
52 silly audit   'string-width': [ '1.0.2' ],
52 silly audit   'strip-ansi': [ '3.0.1' ],
52 silly audit   'strip-json-comments': [ '2.0.1' ],
52 silly audit   'supports-color': [ '4.5.0' ],
52 silly audit   'tar-fs': [ '2.1.1' ],
52 silly audit   'tar-stream': [ '2.2.0' ],
52 silly audit   temporal: [ '0.7.1' ],
52 silly audit   'tunnel-agent': [ '0.6.0' ],
52 silly audit   'util-deprecate': [ '1.0.2' ],
52 silly audit   'which-pm-runs': [ '1.1.0' ],
52 silly audit   'wide-align': [ '1.1.5' ],
52 silly audit   wrappy: [ '1.0.2' ],
52 silly audit   rc522: [ '0.2.0' ]
52 silly audit }
53 silly tarball no local data for rc522@https://registry.npmjs.org/rc522/-/rc522-0.2.0.tgz. Extracting by manifest.
54 http fetch POST 200 https://registry.npmjs.org/-/npm/v1/security/advisories/bulk 296ms
55 timing auditReport:getReport Completed in 352ms
56 silly audit report {}
57 timing auditReport:init Completed in 0ms
58 timing reify:audit Completed in 361ms
59 http fetch GET 200 https://registry.npmjs.org/rc522/-/rc522-0.2.0.tgz 1421ms (cache miss)
60 timing reifyNode:node_modules/rc522 Completed in 1507ms
61 timing reify:unpack Completed in 1510ms
62 timing reify:unretire Completed in 1ms
63 timing build:queue Completed in 11ms
64 info run rc522@0.2.0 preinstall node_modules/rc522 (node-gyp configure) || (exit 0)
65 info run rc522@0.2.0 preinstall { code: 0, signal: null }
66 timing build:run:preinstall:node_modules/rc522 Completed in 7760ms
67 timing build:run:preinstall Completed in 7764ms
68 info run rc522@0.2.0 install node_modules/rc522 (node-gyp rebuild) || (exit 0)
69 info run rc522@0.2.0 install { code: 0, signal: null }
70 timing build:run:install:node_modules/rc522 Completed in 20782ms
71 timing build:run:install Completed in 20783ms
72 timing build:deps Completed in 28565ms
73 timing build Completed in 28566ms
74 timing reify:build Completed in 28573ms
75 timing reify:trash Completed in 0ms
76 timing reify:save Completed in 543ms
77 timing reify Completed in 35846ms
78 silly ADD node_modules/rc522
79 timing command:i Completed in 35941ms
80 verbose exit 0
81 timing npm Completed in 38583ms
82 info ok
