0 verbose cli /home/pi/.nvm/versions/node/v18.17.1/bin/node /home/pi/.nvm/versions/node/v18.17.1/bin/npm
1 info using npm@9.6.7
2 info using node@v18.17.1
3 timing npm:load:whichnode Completed in 13ms
4 timing config:load:defaults Completed in 23ms
5 timing config:load:file:/home/pi/.nvm/versions/node/v18.17.1/lib/node_modules/npm/npmrc Completed in 33ms
6 timing config:load:builtin Completed in 37ms
7 timing config:load:cli Completed in 35ms
8 timing config:load:env Completed in 6ms
9 timing config:load:file:/home/pi/project01/.npmrc Completed in 1ms
10 timing config:load:project Completed in 37ms
11 timing config:load:file:/home/pi/.npmrc Completed in 1ms
12 timing config:load:user Completed in 5ms
13 timing config:load:file:/home/pi/.nvm/versions/node/v18.17.1/etc/npmrc Completed in 2ms
14 timing config:load:global Completed in 2ms
15 timing config:load:setEnvs Completed in 12ms
16 timing config:load Completed in 163ms
17 timing npm:load:configload Completed in 165ms
18 timing npm:load:mkdirpcache Completed in 2ms
19 timing npm:load:mkdirplogs Completed in 2ms
20 verbose title npm init
21 verbose argv "init" "--yes"
22 timing npm:load:setTitle Completed in 11ms
23 timing config:load:flatten Completed in 34ms
24 timing npm:load:display Completed in 43ms
25 verbose logfile logs-max:10 dir:/home/pi/.npm/_logs/2023-09-15T15_45_50_324Z-
26 verbose logfile /home/pi/.npm/_logs/2023-09-15T15_45_50_324Z-debug-0.log
27 timing npm:load:logFile Completed in 1809ms
28 timing npm:load:timers Completed in 0ms
29 timing npm:load:configScope Completed in 0ms
30 timing npm:load Completed in 2056ms
31 silly logfile done cleaning log files
32 silly package data {
32 silly package data   name: 'project01',
32 silly package data   version: '1.0.0',
32 silly package data   description: '',
32 silly package data   main: 'index.js',
32 silly package data   scripts: { test: 'echo "Error: no test specified" && exit 1' },
32 silly package data   keywords: [],
32 silly package data   author: '',
32 silly package data   license: 'ISC'
32 silly package data }
33 timing command:init Completed in 967ms
34 verbose exit 0
35 timing npm Completed in 5389ms
36 info ok
