0 verbose cli /home/pi/.nvm/versions/node/v18.17.1/bin/node /home/pi/.nvm/versions/node/v18.17.1/bin/npm
1 info using npm@9.6.7
2 info using node@v18.17.1
3 timing npm:load:whichnode Completed in 14ms
4 timing config:load:defaults Completed in 23ms
5 timing config:load:file:/home/pi/.nvm/versions/node/v18.17.1/lib/node_modules/npm/npmrc Completed in 39ms
6 timing config:load:builtin Completed in 43ms
7 timing config:load:cli Completed in 40ms
8 timing config:load:env Completed in 5ms
9 timing config:load:file:/home/pi/project01/.npmrc Completed in 1ms
10 timing config:load:project Completed in 40ms
11 timing config:load:file:/home/pi/.npmrc Completed in 0ms
12 timing config:load:user Completed in 4ms
13 timing config:load:file:/home/pi/.nvm/versions/node/v18.17.1/etc/npmrc Completed in 1ms
14 timing config:load:global Completed in 3ms
15 timing config:load:setEnvs Completed in 11ms
16 timing config:load Completed in 175ms
17 timing npm:load:configload Completed in 177ms
18 timing npm:load:mkdirpcache Completed in 2ms
19 timing npm:load:mkdirplogs Completed in 3ms
20 verbose title npm install pi-rc522
21 verbose argv "install" "pi-rc522"
22 timing npm:load:setTitle Completed in 12ms
23 timing config:load:flatten Completed in 37ms
24 timing npm:load:display Completed in 46ms
25 verbose logfile logs-max:10 dir:/home/pi/.npm/_logs/2023-09-15T18_07_41_363Z-
26 verbose logfile /home/pi/.npm/_logs/2023-09-15T18_07_41_363Z-debug-0.log
27 timing npm:load:logFile Completed in 125ms
28 timing npm:load:timers Completed in 1ms
29 timing npm:load:configScope Completed in 1ms
30 timing npm:load Completed in 390ms
31 timing arborist:ctor Completed in 9ms
32 silly logfile done cleaning log files
33 timing idealTree:init Completed in 2461ms
34 timing idealTree:userRequests Completed in 17ms
35 silly idealTree buildDeps
36 silly fetch manifest pi-rc522@*
37 timing arborist:ctor Completed in 2ms
38 http fetch GET 404 https://registry.npmjs.org/pi-rc522 1947ms (cache skip)
39 http fetch GET 404 https://registry.npmjs.org/pi-rc522 277ms (cache skip)
40 silly placeDep ROOT pi-rc522@ OK for: project01@1.0.0 want: *
41 timing idealTree:#root Completed in 2313ms
42 timing idealTree:node_modules/pi-rc522 Completed in 0ms
43 timing idealTree:buildDeps Completed in 2326ms
44 timing idealTree:fixDepFlags Completed in 22ms
45 timing idealTree Completed in 4839ms
46 timing command:install Completed in 4936ms
47 verbose stack HttpErrorGeneral: 404 Not Found - GET https://registry.npmjs.org/pi-rc522 - Not found
47 verbose stack     at /home/pi/.nvm/versions/node/v18.17.1/lib/node_modules/npm/node_modules/npm-registry-fetch/lib/check-response.js:95:15
47 verbose stack     at process.processTicksAndRejections (node:internal/process/task_queues:95:5)
47 verbose stack     at async RegistryFetcher.packument (/home/pi/.nvm/versions/node/v18.17.1/lib/node_modules/npm/node_modules/pacote/lib/registry.js:87:19)
47 verbose stack     at async RegistryFetcher.manifest (/home/pi/.nvm/versions/node/v18.17.1/lib/node_modules/npm/node_modules/pacote/lib/registry.js:118:23)
47 verbose stack     at async #nodeFromEdge (/home/pi/.nvm/versions/node/v18.17.1/lib/node_modules/npm/node_modules/@npmcli/arborist/lib/arborist/build-ideal-tree.js:1049:19)
47 verbose stack     at async #buildDepStep (/home/pi/.nvm/versions/node/v18.17.1/lib/node_modules/npm/node_modules/@npmcli/arborist/lib/arborist/build-ideal-tree.js:917:11)
47 verbose stack     at async Arborist.buildIdealTree (/home/pi/.nvm/versions/node/v18.17.1/lib/node_modules/npm/node_modules/@npmcli/arborist/lib/arborist/build-ideal-tree.js:196:7)
47 verbose stack     at async Promise.all (index 1)
47 verbose stack     at async Arborist.reify (/home/pi/.nvm/versions/node/v18.17.1/lib/node_modules/npm/node_modules/@npmcli/arborist/lib/arborist/reify.js:159:5)
47 verbose stack     at async Install.exec (/home/pi/.nvm/versions/node/v18.17.1/lib/node_modules/npm/lib/commands/install.js:147:5)
48 verbose statusCode 404
49 verbose pkgid pi-rc522@*
50 verbose cwd /home/pi/project01
51 verbose Linux 6.1.21-v8+
52 verbose node v18.17.1
53 verbose npm  v9.6.7
54 error code E404
55 error 404 Not Found - GET https://registry.npmjs.org/pi-rc522 - Not found
56 error 404
57 error 404  'pi-rc522@*' is not in this registry.
58 error 404
58 error 404 Note that you can also install from a
59 error 404 tarball, folder, http url, or git url.
60 verbose exit 1
61 timing npm Completed in 8629ms
62 verbose unfinished npm timer reify 1694801265009
63 verbose unfinished npm timer reify:loadTrees 1694801265052
64 verbose code 1
65 error A complete log of this run can be found in: /home/pi/.npm/_logs/2023-09-15T18_07_41_363Z-debug-0.log
