0 verbose cli /home/pi/.nvm/versions/node/v18.17.1/bin/node /home/pi/.nvm/versions/node/v18.17.1/bin/npm
1 info using npm@9.6.7
2 info using node@v18.17.1
3 timing npm:load:whichnode Completed in 13ms
4 timing config:load:defaults Completed in 23ms
5 timing config:load:file:/home/pi/.nvm/versions/node/v18.17.1/lib/node_modules/npm/npmrc Completed in 35ms
6 timing config:load:builtin Completed in 39ms
7 timing config:load:cli Completed in 70ms
8 timing config:load:env Completed in 6ms
9 timing config:load:project Completed in 9ms
10 timing config:load:file:/home/pi/.npmrc Completed in 1ms
11 timing config:load:user Completed in 2ms
12 timing config:load:file:/home/pi/.nvm/versions/node/v18.17.1/etc/npmrc Completed in 1ms
13 timing config:load:global Completed in 3ms
14 timing config:load:setEnvs Completed in 12ms
15 timing config:load Completed in 173ms
16 timing npm:load:configload Completed in 175ms
17 timing npm:load:mkdirpcache Completed in 3ms
18 timing npm:load:mkdirplogs Completed in 3ms
19 verbose title npm
20 verbose argv "--version"
21 timing npm:load:setTitle Completed in 12ms
22 timing config:load:flatten Completed in 34ms
23 timing npm:load:display Completed in 45ms
24 verbose logfile logs-max:10 dir:/home/pi/.npm/_logs/2023-09-15T15_45_02_611Z-
25 verbose logfile /home/pi/.npm/_logs/2023-09-15T15_45_02_611Z-debug-0.log
26 timing npm:load:logFile Completed in 110ms
27 timing npm:load:timers Completed in 1ms
28 timing npm:load:configScope Completed in 0ms
29 timing npm:load Completed in 368ms
30 verbose exit 0
31 timing npm Completed in 441ms
32 info ok
